2009-11-17 22:57:04 (MST)	2 Warning	imagecreatetruecolor() [<a href='function.imagecreatetruecolor'>function.imagecreatetruecolor</a>]: Invalid image dimensions	File: fns_tinybrowser.php	Line: 84	
2009-11-17 22:57:04 (MST)	2 Warning	imagecopyresampled(): supplied argument is not a valid Image resource	File: fns_tinybrowser.php	Line: 109	
2009-11-17 22:57:04 (MST)	2 Warning	imagejpeg(): supplied argument is not a valid Image resource	File: fns_tinybrowser.php	Line: 113	
2009-11-17 22:57:04 (MST)	2 Warning	imagedestroy(): supplied argument is not a valid Image resource	File: fns_tinybrowser.php	Line: 123	
2009-11-17 22:57:04 (MST)	2 Warning	imagecreatetruecolor() [<a href='function.imagecreatetruecolor'>function.imagecreatetruecolor</a>]: Invalid image dimensions	File: fns_tinybrowser.php	Line: 84	
2009-11-17 22:57:04 (MST)	2 Warning	imagecopyresampled(): supplied argument is not a valid Image resource	File: fns_tinybrowser.php	Line: 109	
2009-11-17 22:57:04 (MST)	2 Warning	imagejpeg(): supplied argument is not a valid Image resource	File: fns_tinybrowser.php	Line: 113	
2009-11-17 22:57:04 (MST)	2 Warning	imagedestroy(): supplied argument is not a valid Image resource	File: fns_tinybrowser.php	Line: 123	
2009-11-17 22:57:05 (MST)	2 Warning	imagecreatetruecolor() [<a href='function.imagecreatetruecolor'>function.imagecreatetruecolor</a>]: Invalid image dimensions	File: fns_tinybrowser.php	Line: 84	
2009-11-17 22:57:05 (MST)	2 Warning	imagecopyresampled(): supplied argument is not a valid Image resource	File: fns_tinybrowser.php	Line: 109	
2009-11-17 22:57:05 (MST)	2 Warning	imagejpeg(): supplied argument is not a valid Image resource	File: fns_tinybrowser.php	Line: 113	
2009-11-17 22:57:05 (MST)	2 Warning	imagedestroy(): supplied argument is not a valid Image resource	File: fns_tinybrowser.php	Line: 123	
2009-11-17 23:26:43 (MST)	2 Warning	imagecreatetruecolor() [<a href='function.imagecreatetruecolor'>function.imagecreatetruecolor</a>]: Invalid image dimensions	File: fns_tinybrowser.php	Line: 84	
2009-11-17 23:26:43 (MST)	2 Warning	imagecopyresampled(): supplied argument is not a valid Image resource	File: fns_tinybrowser.php	Line: 109	
2009-11-17 23:26:43 (MST)	2 Warning	imagejpeg(): supplied argument is not a valid Image resource	File: fns_tinybrowser.php	Line: 113	
2009-11-17 23:26:43 (MST)	2 Warning	imagedestroy(): supplied argument is not a valid Image resource	File: fns_tinybrowser.php	Line: 123	
2009-11-17 23:26:43 (MST)	2 Warning	imagecreatetruecolor() [<a href='function.imagecreatetruecolor'>function.imagecreatetruecolor</a>]: Invalid image dimensions	File: fns_tinybrowser.php	Line: 84	
2009-11-17 23:26:43 (MST)	2 Warning	imagecopyresampled(): supplied argument is not a valid Image resource	File: fns_tinybrowser.php	Line: 109	
2009-11-17 23:26:43 (MST)	2 Warning	imagejpeg(): supplied argument is not a valid Image resource	File: fns_tinybrowser.php	Line: 113	
2009-11-17 23:26:43 (MST)	2 Warning	imagedestroy(): supplied argument is not a valid Image resource	File: fns_tinybrowser.php	Line: 123	
2009-11-17 23:26:43 (MST)	2 Warning	imagecreatetruecolor() [<a href='function.imagecreatetruecolor'>function.imagecreatetruecolor</a>]: Invalid image dimensions	File: fns_tinybrowser.php	Line: 84	
2009-11-17 23:26:43 (MST)	2 Warning	imagecopyresampled(): supplied argument is not a valid Image resource	File: fns_tinybrowser.php	Line: 109	
2009-11-17 23:26:43 (MST)	2 Warning	imagejpeg(): supplied argument is not a valid Image resource	File: fns_tinybrowser.php	Line: 113	
2009-11-17 23:26:43 (MST)	2 Warning	imagedestroy(): supplied argument is not a valid Image resource	File: fns_tinybrowser.php	Line: 123	
2009-11-17 23:27:23 (MST)	2 Warning	imagecreatetruecolor() [<a href='function.imagecreatetruecolor'>function.imagecreatetruecolor</a>]: Invalid image dimensions	File: fns_tinybrowser.php	Line: 84	
2009-11-17 23:27:23 (MST)	2 Warning	imagecopyresampled(): supplied argument is not a valid Image resource	File: fns_tinybrowser.php	Line: 109	
2009-11-17 23:27:23 (MST)	2 Warning	imagejpeg(): supplied argument is not a valid Image resource	File: fns_tinybrowser.php	Line: 113	
2009-11-17 23:27:23 (MST)	2 Warning	imagedestroy(): supplied argument is not a valid Image resource	File: fns_tinybrowser.php	Line: 123	
2009-11-17 23:27:23 (MST)	2 Warning	imagecreatetruecolor() [<a href='function.imagecreatetruecolor'>function.imagecreatetruecolor</a>]: Invalid image dimensions	File: fns_tinybrowser.php	Line: 84	
2009-11-17 23:27:23 (MST)	2 Warning	imagecopyresampled(): supplied argument is not a valid Image resource	File: fns_tinybrowser.php	Line: 109	
2009-11-17 23:27:23 (MST)	2 Warning	imagejpeg(): supplied argument is not a valid Image resource	File: fns_tinybrowser.php	Line: 113	
2009-11-17 23:27:23 (MST)	2 Warning	imagedestroy(): supplied argument is not a valid Image resource	File: fns_tinybrowser.php	Line: 123	
2009-11-17 23:27:23 (MST)	2 Warning	imagecreatetruecolor() [<a href='function.imagecreatetruecolor'>function.imagecreatetruecolor</a>]: Invalid image dimensions	File: fns_tinybrowser.php	Line: 84	
2009-11-17 23:27:23 (MST)	2 Warning	imagecopyresampled(): supplied argument is not a valid Image resource	File: fns_tinybrowser.php	Line: 109	
2009-11-17 23:27:23 (MST)	2 Warning	imagejpeg(): supplied argument is not a valid Image resource	File: fns_tinybrowser.php	Line: 113	
2009-11-17 23:27:23 (MST)	2 Warning	imagedestroy(): supplied argument is not a valid Image resource	File: fns_tinybrowser.php	Line: 123	
2009-11-17 23:27:56 (MST)	2 Warning	imagecreatetruecolor() [<a href='function.imagecreatetruecolor'>function.imagecreatetruecolor</a>]: Invalid image dimensions	File: fns_tinybrowser.php	Line: 84	
2009-11-17 23:27:56 (MST)	2 Warning	imagecopyresampled(): supplied argument is not a valid Image resource	File: fns_tinybrowser.php	Line: 109	
2009-11-17 23:27:56 (MST)	2 Warning	imagejpeg(): supplied argument is not a valid Image resource	File: fns_tinybrowser.php	Line: 113	
2009-11-17 23:27:56 (MST)	2 Warning	imagedestroy(): supplied argument is not a valid Image resource	File: fns_tinybrowser.php	Line: 123	
2009-11-17 23:27:56 (MST)	2 Warning	imagecreatetruecolor() [<a href='function.imagecreatetruecolor'>function.imagecreatetruecolor</a>]: Invalid image dimensions	File: fns_tinybrowser.php	Line: 84	
2009-11-17 23:27:56 (MST)	2 Warning	imagecopyresampled(): supplied argument is not a valid Image resource	File: fns_tinybrowser.php	Line: 109	
2009-11-17 23:27:56 (MST)	2 Warning	imagejpeg(): supplied argument is not a valid Image resource	File: fns_tinybrowser.php	Line: 113	
2009-11-17 23:27:56 (MST)	2 Warning	imagedestroy(): supplied argument is not a valid Image resource	File: fns_tinybrowser.php	Line: 123	
2009-11-17 23:27:56 (MST)	2 Warning	imagecreatetruecolor() [<a href='function.imagecreatetruecolor'>function.imagecreatetruecolor</a>]: Invalid image dimensions	File: fns_tinybrowser.php	Line: 84	
2009-11-17 23:27:56 (MST)	2 Warning	imagecopyresampled(): supplied argument is not a valid Image resource	File: fns_tinybrowser.php	Line: 109	
2009-11-17 23:27:56 (MST)	2 Warning	imagejpeg(): supplied argument is not a valid Image resource	File: fns_tinybrowser.php	Line: 113	
2009-11-17 23:27:56 (MST)	2 Warning	imagedestroy(): supplied argument is not a valid Image resource	File: fns_tinybrowser.php	Line: 123	
2010-08-04 06:12:44 (UTC)	8 Notice	Undefined variable: dest_folder	File: upload_file.php	Line: 34	
2010-08-04 06:12:44 (UTC)	8 Notice	Undefined variable: dest_folder	File: upload_file.php	Line: 37	
2010-08-04 06:12:44 (UTC)	2 Warning	move_uploaded_file(D:\WebApps\www\app\webroot\EyeKolkataTemplate\wwwroot\scripts\editor\tiny_mce\plugins\tinybrowser/newsite/images/tinyImage/gallery.swf) [<a href='function.move-uploaded-file'>function.move-uploaded-file</a>]: failed to open stream: No such file or directory	File: upload_file.php	Line: 37	
2010-08-04 06:12:44 (UTC)	2 Warning	move_uploaded_file() [<a href='function.move-uploaded-file'>function.move-uploaded-file</a>]: Unable to move 'C:\WINDOWS\Temp\php14C.tmp' to 'D:\WebApps\www\app\webroot\EyeKolkataTemplate\wwwroot\scripts\editor\tiny_mce\plugins\tinybrowser/newsite/images/tinyImage/gallery.swf'	File: upload_file.php	Line: 37	
